2026-04-16T09:28:53.000+08:00  INFO 42560 --- [main] c.a.nacos.client.logging.NacosLogging    : Nacos Logging Adapter Builder: com.alibaba.nacos.logger.adapter.logback12.LogbackNacosLoggingAdapterBuilder
2026-04-16T09:28:53.015+08:00  INFO 42560 --- [main] c.a.nacos.client.logging.NacosLogging    : Nacos Logging Adapter Builder: com.alibaba.nacos.logger.adapter.logback14.LogbackNacosLoggingAdapterBuilder
2026-04-16T09:28:53.016+08:00  INFO 42560 --- [main] c.a.nacos.client.logging.NacosLogging    : Nacos Logging Adapter: com.alibaba.nacos.logger.adapter.logback14.LogbackNacosLoggingAdapter match ch.qos.logback.classic.Logger success.
2026-04-16T09:28:53.028+08:00  INFO 42560 --- [main] c.a.nacos.client.logging.NacosLogging    : Nacos Logging Adapter Builder: com.alibaba.nacos.logger.adapter.log4j2.Log4j2NacosLoggingAdapterBuilder
2026-04-16T09:28:53.318+08:00  INFO 42560 --- [main] com.yuriyuri.PlatformApplication         : Starting PlatformApplication using Java 21.0.10 with PID 42560 (C:\Users\26567\IdeaProjects\qg-assessment2\backend\platform\target\classes started by 26567 in C:\Users\26567\IdeaProjects\qg-assessment2\backend\platform)
2026-04-16T09:28:53.318+08:00  INFO 42560 --- [main] com.yuriyuri.PlatformApplication         : No active profile set, falling back to 1 default profile: "default"
2026-04-16T09:28:54.724+08:00  INFO 42560 --- [main] .s.d.r.c.RepositoryConfigurationDelegate : Multiple Spring Data modules found, entering strict repository configuration mode
2026-04-16T09:28:54.727+08:00  INFO 42560 --- [main] .s.d.r.c.RepositoryConfigurationDelegate : Bootstrapping Spring Data Redis repositories in DEFAULT mode.
2026-04-16T09:28:54.787+08:00  INFO 42560 --- [main] .s.d.r.c.RepositoryConfigurationDelegate : Finished Spring Data repository scanning in 37 ms. Found 0 Redis repository interfaces.
2026-04-16T09:28:55.124+08:00  WARN 42560 --- [main] trationDelegate$BeanPostProcessorChecker : Bean 'com.alibaba.cloud.nacos.NacosConfigAutoConfiguration' of type [com.alibaba.cloud.nacos.NacosConfigAutoConfiguration] is not eligible for getting processed by all BeanPostProcessors (for example: not eligible for auto-proxying). The currently created BeanPostProcessor [nacosAnnotationProcessor] is declared through a non-static factory method on that class; consider declaring it as static instead.
2026-04-16T09:28:55.131+08:00  WARN 42560 --- [main] trationDelegate$BeanPostProcessorChecker : Bean 'nacosConfigProperties' of type [com.alibaba.cloud.nacos.NacosConfigProperties] is not eligible for getting processed by all BeanPostProcessors (for example: not eligible for auto-proxying). Is this bean getting eagerly injected/applied to a currently created BeanPostProcessor [nacosAnnotationProcessor]? Check the corresponding BeanPostProcessor declaration and its dependencies/advisors. If this bean does not have to be post-processed, declare it with ROLE_INFRASTRUCTURE.
2026-04-16T09:28:55.265+08:00  INFO 42560 --- [main] c.a.n.p.a.s.c.ClientAuthPluginManager    : [ClientAuthPluginManager] Load ClientAuthService com.alibaba.nacos.client.auth.impl.NacosClientAuthServiceImpl success.
2026-04-16T09:28:55.267+08:00  INFO 42560 --- [main] c.a.n.p.a.s.c.ClientAuthPluginManager    : [ClientAuthPluginManager] Load ClientAuthService com.alibaba.nacos.client.auth.ram.RamClientAuthServiceImpl success.
2026-04-16T09:28:55.270+08:00  WARN 42560 --- [main] trationDelegate$BeanPostProcessorChecker : Bean 'nacosConfigManager' of type [com.alibaba.cloud.nacos.NacosConfigManager] is not eligible for getting processed by all BeanPostProcessors (for example: not eligible for auto-proxying). Is this bean getting eagerly injected/applied to a currently created BeanPostProcessor [nacosAnnotationProcessor]? Check the corresponding BeanPostProcessor declaration and its dependencies/advisors. If this bean does not have to be post-processed, declare it with ROLE_INFRASTRUCTURE.
2026-04-16T09:28:55.896+08:00  INFO 42560 --- [main] o.s.b.w.embedded.tomcat.TomcatWebServer  : Tomcat initialized with port 8080 (http)
2026-04-16T09:28:55.917+08:00  INFO 42560 --- [main] o.apache.catalina.core.StandardService   : Starting service [Tomcat]
2026-04-16T09:28:55.918+08:00  INFO 42560 --- [main] o.apache.catalina.core.StandardEngine    : Starting Servlet engine: [Apache Tomcat/10.1.53]
2026-04-16T09:28:56.031+08:00  INFO 42560 --- [main] o.a.c.c.C.[Tomcat].[localhost].[/]       : Initializing Spring embedded WebApplicationContext
2026-04-16T09:28:56.031+08:00  INFO 42560 --- [main] w.s.c.ServletWebServerApplicationContext : Root WebApplicationContext: initialization completed in 2656 ms
2026-04-16T09:29:05.170+08:00  INFO 42560 --- [main] o.s.b.w.embedded.tomcat.TomcatWebServer  : Tomcat started on port 8080 (http) with context path '/'
2026-04-16T09:29:05.187+08:00  INFO 42560 --- [main] com.yuriyuri.PlatformApplication         : Started PlatformApplication in 12.783 seconds (process running for 13.557)
